ISim log file
Running: E:\Xilinx\workspace\CPU_20\mips_tb_isim_beh.exe -intstyle ise -gui -tclbatch isim.cmd -wdb E:/Xilinx/workspace/CPU_20/mips_tb_isim_beh.wdb 
ISim P.20131013 (signature 0x8ef4fb42)
This is a Full version of ISim.
Time resolution is 1 ps
# onerror resume
# wave add /
# run 3000 ns
Simulator is doing circuit initialization process.
Finished circuit initialization process.
$ 3 <= 00010000
$ 4 <= 00010002
$ 5 <= 00020002
$ 6 <= 00010002
$ 7 <= 00010003
$ 8 <= 00010003
$ 5 <= 0004000c
$ 6 <= 00020006
$ 6 <= 0006000a
$ 9 <= 00020000
$13 <= 00000000
$10 <= 00020002
$10 <= 00000000
$11 <= 00010003
$12 <= 00010003
$12 <= 00010000
$13 <= 00010002
$ 5 <= 00010001
$ 6 <= 00020003
$ 7 <= 00020001
$ 8 <= 00020003
$ 9 <= 00000002
$10 <= 00020005
$12 <= 00010003
$13 <= 00030000
$14 <= 00040003
$13 <= 000300fe
$11 <= 00010003
$12 <= 00000002
*00000004 <= 00010000
*00000008 <= 00010002
$ 5 <= 000100f3
$ 6 <= 00ff0000
*0000000c <= 00ff0000
$ 7 <= 00ff0000
$ 8 <= 00010000
$ 9 <= 01000000
$10 <= 00010005
$11 <= 00020000
$12 <= 00010002
$13 <= 000000f1
$14 <= 000100f3
$16 <= 000100f3
*00000010 <= 000100f3
$15 <= 000100f3
$16 <= 000201e6
$31 <= 00003094
$10 <= 00003094
$31 <= 000030a4
$11 <= 00006148
$12 <= 00006148
$11 <= 00000000
$12 <= ffffcf5c
$17 <= 00fe0000
$18 <= 000030c8
$20 <= 00120000
$21 <= fe110000
$21 <= fe110001
$23 <= 001230a4
$31 <= 000030e4
$ 1 <= 00000000
$ 1 <= 0000fea3
$11 <= 0000fea3
$10 <= 0000fea3
$10 <= 000030e5
$31 <= 00003104
